<?xml version="1.0" encoding="UTF-8"?>
<testng-results ignored="0" total="2" passed="2" failed="0" skipped="0">
  <reporter-output>
  </reporter-output>
  <suite started-at="2024-12-10T19:22:32 CST" name="Suite1" finished-at="2024-12-10T19:29:28 CST" duration-ms="416435">
    <groups>
    </groups>
    <test started-at="2024-12-10T19:22:32 CST" name="Test1" finished-at="2024-12-10T19:29:28 CST" duration-ms="416435">
      <class name="loanCalculatorPackage.LoanCalculatorTestClass1">
        <test-method is-config="true" signature="setUp()[pri:0, instance:loanCalculatorPackage.LoanCalculatorTestClass1@57cf54e1]" started-at="2024-12-10T19:22:32 CST" name="setUp" finished-at="2024-12-10T19:22:34 CST" duration-ms="2023" status="PASS">
          <reporter-output>
          </reporter-output>
        </test-method> <!-- setUp -->
        <test-method signature="testLc1()[pri:0, instance:loanCalculatorPackage.LoanCalculatorTestClass1@57cf54e1]" started-at="2024-12-10T19:22:34 CST" name="testLc1" finished-at="2024-12-10T19:25:13 CST" duration-ms="159376" status="PASS">
          <reporter-output>
          </reporter-output>
        </test-method> <!-- testLc1 -->
        <test-method signature="OfferTest()[pri:0, instance:loanCalculatorPackage.LoanCalculatorTestClass1@57cf54e1]" started-at="2024-12-10T19:25:13 CST" name="OfferTest" finished-at="2024-12-10T19:29:27 CST" duration-ms="253842" status="PASS">
          <reporter-output>
          </reporter-output>
        </test-method> <!-- OfferTest -->
        <test-method is-config="true" signature="tearDown()[pri:0, instance:loanCalculatorPackage.LoanCalculatorTestClass1@57cf54e1]" started-at="2024-12-10T19:29:27 CST" name="tearDown" finished-at="2024-12-10T19:29:28 CST" duration-ms="1123" status="PASS">
          <reporter-output>
          </reporter-output>
        </test-method> <!-- tearDown -->
      </class> <!-- loanCalculatorPackage.LoanCalculatorTestClass1 -->
    </test> <!-- Test1 -->
  </suite> <!-- Suite1 -->
</testng-results>
